<?xml version="1.0" encoding="UTF-8"?>
<robot generator="Robot 6.0.2 (Python 3.11.0 on win32)" generated="20250210 10:12:08.032" rpa="false" schemaversion="3">
<suite id="s1" name="Driver" source="c:\JENKINS\driver.robot">
<test id="s1-t1" name="Chroma Tests" line="25">
<kw name="Set BlackWidow V4 Keyboard Chroma">
<kw name="Perform Chroma Test Black Widow V 4" library="BlackWidow">
<msg timestamp="20250210 10:12:14.834" level="INFO">SYNAPSE ATTACHED: PASS</msg>
<status status="PASS" starttime="20250210 10:12:13.472" endtime="20250210 10:12:14.834"/>
</kw>
<status status="PASS" starttime="20250210 10:12:13.472" endtime="20250210 10:12:14.837"/>
</kw>
<kw name="Wait Until Keyword Succeeds" library="BuiltIn">
<arg>5s</arg>
<arg>1s</arg>
<arg>Check If Chroma Status Is Complete</arg>
<doc>Runs the specified keyword and retries if it fails.</doc>
<kw name="Check If Chroma Status Is Complete">
<kw name="Run Keyword And Return Status" library="BuiltIn">
<var>${status}</var>
<arg>Check Status</arg>
<doc>Runs the given keyword with given arguments and returns the status as a Boolean value.</doc>
<kw name="Check Status" library="BlackWidow">
<status status="PASS" starttime="20250210 10:12:16.850" endtime="20250210 10:12:16.850"/>
</kw>
<msg timestamp="20250210 10:12:16.850" level="INFO">${status} = True</msg>
<status status="PASS" starttime="20250210 10:12:16.850" endtime="20250210 10:12:16.850"/>
</kw>
<kw name="Should Be True" library="BuiltIn">
<arg>${status}</arg>
<arg>msg=Chroma Setup Incomplete.</arg>
<doc>Fails if the given condition is not true.</doc>
<status status="PASS" starttime="20250210 10:12:16.850" endtime="20250210 10:12:16.850"/>
</kw>
<status status="PASS" starttime="20250210 10:12:14.837" endtime="20250210 10:12:16.850"/>
</kw>
<status status="PASS" starttime="20250210 10:12:14.837" endtime="20250210 10:12:16.850"/>
</kw>
<kw name="Run Process" library="Process">
<arg>${BATCH_SCRIPT}</arg>
<doc>Runs a process and waits for it to complete.</doc>
<msg timestamp="20250210 10:12:16.850" level="INFO">Starting process:
video.bat</msg>
<msg timestamp="20250210 10:12:16.864" level="INFO">Waiting for process to complete.</msg>
<msg timestamp="20250210 10:12:33.720" level="INFO">Process completed.</msg>
<status status="PASS" starttime="20250210 10:12:16.850" endtime="20250210 10:12:33.720"/>
</kw>
<kw name="Sleep" library="BuiltIn">
<arg>8s</arg>
<doc>Pauses the test executed for the given time.</doc>
<msg timestamp="20250210 10:12:41.720" level="INFO">Slept 8 seconds</msg>
<status status="PASS" starttime="20250210 10:12:33.720" endtime="20250210 10:12:41.720"/>
</kw>
<kw name="Run Prediction Using Model">
<kw name="Predict" library="Dentrite">
<msg timestamp="20250210 10:12:41.916" level="WARN">Compiled the loaded model, but the compiled metrics have yet to be built. `model.compile_metrics` will be empty until you train or evaluate the model.</msg>
<msg timestamp="20250210 10:12:41.920" level="WARN">Error in loading the saved optimizer state. As a result, your model is starting with a freshly initialized optimizer.</msg>
<msg timestamp="20250210 10:12:42.261" level="INFO">Dentrite.h5
Dentrite_metadata.json
C:\Users\Kira10\Pictures\Saved Pictures\photos
REPORT.txt
Found images: [WindowsPath('C:/Users/Kira10/Pictures/Saved Pictures/photos/photo (2).jpg'), WindowsPath('C:/Users/Kira10/Pictures/Saved Pictures/photos/photo (3).jpg'), WindowsPath('C:/Users/Kira10/Pictures/Saved Pictures/photos/photo (4).jpg'), WindowsPath('C:/Users/Kira10/Pictures/Saved Pictures/photos/photo (5).jpg'), WindowsPath('C:/Users/Kira10/Pictures/Saved Pictures/photos/photo.jpg')]

[1m1/1[0m [32m━━━━━━━━━━━━━━━━━━━━[0m[37m[0m [1m0s[0m 103ms/step
[1m1/1[0m [32m━━━━━━━━━━━━━━━━━━━━[0m[37m[0m [1m0s[0m 103ms/step

[1m1/1[0m [32m━━━━━━━━━━━━━━━━━━━━[0m[37m[0m [1m0s[0m 17ms/step
[1m1/1[0m [32m━━━━━━━━━━━━━━━━━━━━[0m[37m[0m [1m0s[0m 17ms/step

[1m1/1[0m [32m━━━━━━━━━━━━━━━━━━━━[0m[37m[0m [1m0s[0m 20ms/step
[1m1/1[0m [32m━━━━━━━━━━━━━━━━━━━━[0m[37m[0m [1m0s[0m 20ms/step

[1m1/1[0m [32m━━━━━━━━━━━━━━━━━━━━[0m[37m[0m [1m0s[0m 20ms/step
[1m1/1[0m [32m━━━━━━━━━━━━━━━━━━━━[0m[37m[0m [1m0s[0m 20ms/step

[1m1/1[0m [32m━━━━━━━━━━━━━━━━━━━━[0m[37m[0m [1m0s[0m 17ms/step
[1m1/1[0m [32m━━━━━━━━━━━━━━━━━━━━[0m[37m[0m [1m0s[0m 17ms/step</msg>
<msg timestamp="20250210 10:12:42.261" level="INFO">C:\Users\Kira10\AppData\Local\Programs\Python\Python311\Lib\site-packages\keras\src\layers\convolutional\base_conv.py:107: UserWarning: Do not pass an `input_shape`/`input_dim` argument to a layer. When using Sequential models, prefer using an `Input(shape)` object as the first layer in the model instead.
  super().__init__(activity_regularizer=activity_regularizer, **kwargs)
C:\Users\Kira10\AppData\Local\Programs\Python\Python311\Lib\site-packages\keras\src\optimizers\base_optimizer.py:86: UserWarning: Argument `decay` is no longer supported and will be ignored.
  warnings.warn(</msg>
<status status="PASS" starttime="20250210 10:12:41.720" endtime="20250210 10:12:42.263"/>
</kw>
<status status="PASS" starttime="20250210 10:12:41.720" endtime="20250210 10:12:42.263"/>
</kw>
<status status="PASS" starttime="20250210 10:12:13.472" endtime="20250210 10:12:42.263"/>
</test>
<status status="PASS" starttime="20250210 10:12:08.034" endtime="20250210 10:12:42.263"/>
</suite>
<statistics>
<total>
<stat pass="1" fail="0" skip="0">All Tests</stat>
</total>
<tag>
</tag>
<suite>
<stat pass="1" fail="0" skip="0" id="s1" name="Driver">Driver</stat>
</suite>
</statistics>
<errors>
<msg timestamp="20250210 10:12:41.916" level="WARN">Compiled the loaded model, but the compiled metrics have yet to be built. `model.compile_metrics` will be empty until you train or evaluate the model.</msg>
<msg timestamp="20250210 10:12:41.920" level="WARN">Error in loading the saved optimizer state. As a result, your model is starting with a freshly initialized optimizer.</msg>
</errors>
</robot>
